HAWAIAN AIRLINES - 1998 DAILY CLOSES                                            

     THE VALUE OF Q IS:   0.10040E+01
     THE VALUE OF R IS:   0.20500E+00
     THE FILTER LENGTH IS:      5
     THE PREDICTION LENGTH IS:      1
     THE BASELINE VALUE IS:   0.00000E+00
     THE TEST FACTOR VALUE IS:   0.10100E+01


      I      TRUE_X        PRED_X        ERROR            Q             R   
      1   0.36875E+01   0.00000E+00   0.36875E+01   0.10040E+01   0.20500E+00
      2   0.36250E+01   0.00000E+00   0.36250E+01   0.10040E+01   0.20500E+00
      3   0.36250E+01   0.35458E+01   0.79212E-01   0.10040E+01   0.20500E+00
      4   0.36250E+01   0.36237E+01   0.13130E-02   0.10040E+01   0.20500E+00
      5   0.35625E+01   0.36250E+01  -0.62484E-01   0.10040E+01   0.20500E+00
      6   0.36250E+01   0.35019E+01   0.12305E+00   0.10040E+01   0.20500E+00
      7   0.36250E+01   0.36841E+01  -0.59084E-01   0.10040E+01   0.20500E+00
      8   0.36250E+01   0.36261E+01  -0.11217E-02   0.10976E+00   0.18752E+01
      9   0.37500E+01   0.36258E+01   0.12418E+00   0.10976E+00   0.18752E+01
     10   0.36250E+01   0.38701E+01  -0.24507E+00   0.95938E-02   0.21453E+02
     11   0.36250E+01   0.36883E+01  -0.63348E-01   0.52685E-07   0.39066E+07
     12   0.33750E+01   0.36988E+01  -0.32378E+00   0.13625E-12   0.15106E+13
     13   0.33750E+01   0.33594E+01   0.15642E-01   0.13625E-12   0.15106E+13
     14   0.33125E+01   0.32749E+01   0.37630E-01   0.13625E-12   0.15106E+13
     15   0.33750E+01   0.31933E+01   0.18173E+00   0.13625E-12   0.15106E+13
     16   0.33750E+01   0.32920E+01   0.83014E-01   0.13625E-12   0.15106E+13
     17   0.33750E+01   0.33976E+01  -0.22629E-01   0.13625E-12   0.15106E+13
     18   0.34375E+01   0.34235E+01   0.13992E-01   0.13625E-12   0.15106E+13
     19   0.33750E+01   0.35130E+01  -0.13799E+00   0.13625E-12   0.15106E+13
     20   0.34375E+01   0.34261E+01   0.11437E-01   0.13625E-12   0.15106E+13
     21   0.31875E+01   0.35017E+01  -0.31423E+00   0.13625E-12   0.15106E+13
     22   0.31250E+01   0.32005E+01  -0.75530E-01   0.13625E-12   0.15106E+13
     23   0.28750E+01   0.30778E+01  -0.20278E+00   0.13625E-12   0.15106E+13
     24   0.26250E+01   0.27310E+01  -0.10597E+00   0.13625E-12   0.15106E+13
     25   0.27500E+01   0.23896E+01   0.36037E+00   0.13625E-12   0.15106E+13
     26   0.28750E+01   0.25389E+01   0.33609E+00   0.13625E-12   0.15106E+13
     27   0.29375E+01   0.27095E+01   0.22797E+00   0.13625E-12   0.15106E+13
     28   0.30000E+01   0.29868E+01   0.13150E-01   0.13625E-12   0.15106E+13
     29   0.32500E+01   0.31931E+01   0.56875E-01   0.13625E-12   0.15106E+13
     30   0.34375E+01   0.34350E+01   0.25417E-02   0.13625E-12   0.15106E+13
     31   0.36875E+01   0.36517E+01   0.35823E-01   0.13625E-12   0.15106E+13
     32   0.36250E+01   0.40036E+01  -0.37861E+00   0.13625E-12   0.15106E+13
     33   0.36250E+01   0.39628E+01  -0.33785E+00   0.13625E-12   0.15106E+13
     34   0.35000E+01   0.38761E+01  -0.37614E+00   0.13625E-12   0.15106E+13
     35   0.33750E+01   0.35950E+01  -0.22002E+00   0.13625E-12   0.15106E+13
     36   0.32500E+01   0.33269E+01  -0.76898E-01   0.13625E-12   0.15106E+13
     37   0.33125E+01   0.31535E+01   0.15895E+00   0.13625E-12   0.15106E+13
     38   0.34375E+01   0.31882E+01   0.24934E+00   0.13625E-12   0.15106E+13
     39   0.35000E+01   0.33864E+01   0.11359E+00   0.13625E-12   0.15106E+13
     40   0.35000E+01   0.35734E+01  -0.73369E-01   0.13625E-12   0.15106E+13
     41   0.34375E+01   0.36628E+01  -0.22531E+00   0.13625E-12   0.15106E+13
     42   0.34375E+01   0.35601E+01  -0.12257E+00   0.13625E-12   0.15106E+13
     43   0.34375E+01   0.34833E+01  -0.45751E-01   0.13625E-12   0.15106E+13
     44   0.35000E+01   0.34398E+01   0.60193E-01   0.13625E-12   0.15106E+13
     45   0.36250E+01   0.35215E+01   0.10349E+00   0.13625E-12   0.15106E+13
     46   0.35000E+01   0.37050E+01  -0.20503E+00   0.13625E-12   0.15106E+13
     47   0.35000E+01   0.36020E+01  -0.10197E+00   0.13625E-12   0.15106E+13
     48   0.35000E+01   0.35997E+01  -0.99696E-01   0.13625E-12   0.15106E+13
     49   0.35000E+01   0.35206E+01  -0.20590E-01   0.13625E-12   0.15106E+13
     50   0.34375E+01   0.34855E+01  -0.47959E-01   0.13625E-12   0.15106E+13
     51   0.35000E+01   0.34682E+01   0.31759E-01   0.13625E-12   0.15106E+13
     52   0.34375E+01   0.35278E+01  -0.90318E-01   0.13625E-12   0.15106E+13
     53   0.33750E+01   0.34521E+01  -0.77147E-01   0.13625E-12   0.15106E+13
     54   0.34375E+01   0.33938E+01   0.43731E-01   0.13625E-12   0.15106E+13
     55   0.33125E+01   0.34548E+01  -0.14232E+00   0.13625E-12   0.15106E+13
     56   0.33125E+01   0.32897E+01   0.22836E-01   0.13625E-12   0.15106E+13
     57   0.33750E+01   0.33182E+01   0.56787E-01   0.13625E-12   0.15106E+13
     58   0.33750E+01   0.33755E+01  -0.50562E-03   0.13625E-12   0.15106E+13
     59   0.33750E+01   0.33801E+01  -0.50633E-02   0.13625E-12   0.15106E+13
     60   0.33125E+01   0.34509E+01  -0.13836E+00   0.13625E-12   0.15106E+13
     61   0.34375E+01   0.33692E+01   0.68344E-01   0.13625E-12   0.15106E+13
     62   0.34375E+01   0.34733E+01  -0.35801E-01   0.13625E-12   0.15106E+13
     63   0.33125E+01   0.34819E+01  -0.16938E+00   0.13625E-12   0.15106E+13
     64   0.33750E+01   0.33800E+01  -0.50249E-02   0.13625E-12   0.15106E+13
     65   0.35000E+01   0.34350E+01   0.64956E-01   0.13625E-12   0.15106E+13
     66   0.33125E+01   0.35043E+01  -0.19183E+00   0.13625E-12   0.15106E+13
     67   0.33125E+01   0.33489E+01  -0.36420E-01   0.13625E-12   0.15106E+13
     68   0.33125E+01   0.33890E+01  -0.76506E-01   0.13625E-12   0.15106E+13
     69   0.33750E+01   0.32938E+01   0.81195E-01   0.13625E-12   0.15106E+13
     70   0.32500E+01   0.33404E+01  -0.90375E-01   0.13625E-12   0.15106E+13
     71   0.32500E+01   0.32909E+01  -0.40929E-01   0.13625E-12   0.15106E+13
     72   0.32500E+01   0.32823E+01  -0.32345E-01   0.13625E-12   0.15106E+13
     73   0.33750E+01   0.32404E+01   0.13463E+00   0.13625E-12   0.15106E+13
     74   0.33125E+01   0.33764E+01  -0.63923E-01   0.13625E-12   0.15106E+13
     75   0.31875E+01   0.33839E+01  -0.19638E+00   0.13625E-12   0.15106E+13
     76   0.31875E+01   0.32599E+01  -0.72401E-01   0.13625E-12   0.15106E+13
     77   0.31250E+01   0.31996E+01  -0.74560E-01   0.13625E-12   0.15106E+13
     78   0.31875E+01   0.30505E+01   0.13696E+00   0.13625E-12   0.15106E+13
     79   0.30000E+01   0.31570E+01  -0.15703E+00   0.13625E-12   0.15106E+13
     80   0.28750E+01   0.29922E+01  -0.11723E+00   0.13625E-12   0.15106E+13
     81   0.28750E+01   0.28373E+01   0.37744E-01   0.13625E-12   0.15106E+13
     82   0.30000E+01   0.27819E+01   0.21814E+00   0.13625E-12   0.15106E+13
     83   0.30000E+01   0.28955E+01   0.10450E+00   0.13625E-12   0.15106E+13
     84   0.28125E+01   0.30218E+01  -0.20930E+00   0.13625E-12   0.15106E+13
     85   0.28750E+01   0.28929E+01  -0.17938E-01   0.13625E-12   0.15106E+13
     86   0.28750E+01   0.29083E+01  -0.33269E-01   0.13625E-12   0.15106E+13
     87   0.28125E+01   0.28176E+01  -0.51255E-02   0.13625E-12   0.15106E+13
     88   0.28750E+01   0.27912E+01   0.83845E-01   0.13625E-12   0.15106E+13
     89   0.28125E+01   0.29230E+01  -0.11050E+00   0.13625E-12   0.15106E+13
     90   0.27500E+01   0.28200E+01  -0.69976E-01   0.13625E-12   0.15106E+13
     91   0.26875E+01   0.27616E+01  -0.74098E-01   0.13625E-12   0.15106E+13
     92   0.28125E+01   0.26788E+01   0.13369E+00   0.13625E-12   0.15106E+13
     93   0.27500E+01   0.27766E+01  -0.26647E-01   0.13625E-12   0.15106E+13
     94   0.27500E+01   0.27504E+01  -0.44774E-03   0.13625E-12   0.15106E+13
     95   0.26875E+01   0.28074E+01  -0.11993E+00   0.13625E-12   0.15106E+13
     96   0.26875E+01   0.27272E+01  -0.39701E-01   0.13625E-12   0.15106E+13
     97   0.27500E+01   0.26699E+01   0.80053E-01   0.13625E-12   0.15106E+13
     98   0.27500E+01   0.27531E+01  -0.31185E-02   0.13625E-12   0.15106E+13
     99   0.26250E+01   0.27752E+01  -0.15024E+00   0.13625E-12   0.15106E+13
    100   0.26250E+01   0.26749E+01  -0.49853E-01   0.13625E-12   0.15106E+13
    101   0.26250E+01   0.26404E+01  -0.15390E-01   0.13625E-12   0.15106E+13
    102   0.25000E+01   0.25809E+01  -0.80852E-01   0.13625E-12   0.15106E+13
    103   0.25000E+01   0.24566E+01   0.43413E-01   0.13625E-12   0.15106E+13
    104   0.23750E+01   0.24866E+01  -0.11161E+00   0.13625E-12   0.15106E+13
    105   0.24375E+01   0.23106E+01   0.12692E+00   0.13625E-12   0.15106E+13
    106   0.24375E+01   0.23774E+01   0.60110E-01   0.13625E-12   0.15106E+13
    107   0.22500E+01   0.24122E+01  -0.16224E+00   0.13625E-12   0.15106E+13
    108   0.23750E+01   0.22322E+01   0.14285E+00   0.13625E-12   0.15106E+13
    109   0.26250E+01   0.23839E+01   0.24112E+00   0.13625E-12   0.15106E+13
    110   0.24375E+01   0.26206E+01  -0.18309E+00   0.13625E-12   0.15106E+13
    111   0.25000E+01   0.25157E+01  -0.15742E-01   0.13625E-12   0.15106E+13
    112   0.25625E+01   0.26775E+01  -0.11500E+00   0.13625E-12   0.15106E+13
    113   0.26875E+01   0.26196E+01   0.67863E-01   0.13625E-12   0.15106E+13
    114   0.27500E+01   0.27119E+01   0.38142E-01   0.13625E-12   0.15106E+13
    115   0.26250E+01   0.28968E+01  -0.27181E+00   0.13625E-12   0.15106E+13
    116   0.25625E+01   0.27604E+01  -0.19787E+00   0.13625E-12   0.15106E+13
    117   0.26250E+01   0.26330E+01  -0.79564E-02   0.13625E-12   0.15106E+13
    118   0.26250E+01   0.25959E+01   0.29138E-01   0.13625E-12   0.15106E+13
    119   0.26250E+01   0.25843E+01   0.40675E-01   0.13625E-12   0.15106E+13
    120   0.25000E+01   0.26649E+01  -0.16490E+00   0.13625E-12   0.15106E+13
    121   0.25000E+01   0.25386E+01  -0.38635E-01   0.13625E-12   0.15106E+13
    122   0.24375E+01   0.24866E+01  -0.49107E-01   0.13625E-12   0.15106E+13
    123   0.25000E+01   0.23825E+01   0.11750E+00   0.13625E-12   0.15106E+13
    124   0.23750E+01   0.24616E+01  -0.86646E-01   0.13625E-12   0.15106E+13
    125   0.23750E+01   0.23688E+01   0.62435E-02   0.13625E-12   0.15106E+13
    126   0.23125E+01   0.23700E+01  -0.57456E-01   0.13625E-12   0.15106E+13
    127   0.24375E+01   0.22834E+01   0.15408E+00   0.13625E-12   0.15106E+13
    128   0.24375E+01   0.24071E+01   0.30372E-01   0.13625E-12   0.15106E+13
    129   0.23750E+01   0.24704E+01  -0.95411E-01   0.13625E-12   0.15106E+13
    130   0.23125E+01   0.24405E+01  -0.12797E+00   0.13625E-12   0.15106E+13
    131   0.21875E+01   0.23640E+01  -0.17649E+00   0.13625E-12   0.15106E+13
    132   0.24375E+01   0.21370E+01   0.30047E+00   0.13625E-12   0.15106E+13
    133   0.23125E+01   0.23937E+01  -0.81204E-01   0.13625E-12   0.15106E+13
    134   0.24375E+01   0.23042E+01   0.13333E+00   0.13625E-12   0.15106E+13
    135   0.23750E+01   0.25346E+01  -0.15962E+00   0.13625E-12   0.15106E+13
    136   0.25625E+01   0.24708E+01   0.91741E-01   0.13625E-12   0.15106E+13
    137   0.25000E+01   0.26165E+01  -0.11653E+00   0.13625E-12   0.15106E+13
    138   0.24375E+01   0.26007E+01  -0.16317E+00   0.13625E-12   0.15106E+13
    139   0.23125E+01   0.25198E+01  -0.20728E+00   0.13625E-12   0.15106E+13
    140   0.24375E+01   0.23455E+01   0.91990E-01   0.13625E-12   0.15106E+13
    141   0.23750E+01   0.23763E+01  -0.13058E-02   0.13625E-12   0.15106E+13
    142   0.23750E+01   0.23340E+01   0.40988E-01   0.13625E-12   0.15106E+13
    143   0.23750E+01   0.24008E+01  -0.25779E-01   0.13625E-12   0.15106E+13
    144   0.24375E+01   0.24198E+01   0.17685E-01   0.13625E-12   0.15106E+13
    145   0.25000E+01   0.24468E+01   0.53183E-01   0.13625E-12   0.15106E+13
    146   0.29375E+01   0.25584E+01   0.37908E+00   0.13625E-12   0.15106E+13
    147   0.28750E+01   0.30903E+01  -0.21527E+00   0.13625E-12   0.15106E+13
    148   0.26875E+01   0.31110E+01  -0.42354E+00   0.13625E-12   0.15106E+13
    149   0.26875E+01   0.29585E+01  -0.27098E+00   0.13625E-12   0.15106E+13
    150   0.27500E+01   0.28095E+01  -0.59531E-01   0.13625E-12   0.15106E+13
    151   0.27500E+01   0.26515E+01   0.98497E-01   0.13625E-12   0.15106E+13
    152   0.25625E+01   0.27205E+01  -0.15804E+00   0.13625E-12   0.15106E+13
    153   0.27500E+01   0.26029E+01   0.14706E+00   0.13625E-12   0.15106E+13
    154   0.26875E+01   0.27719E+01  -0.84384E-01   0.13625E-12   0.15106E+13
    155   0.26250E+01   0.26614E+01  -0.36352E-01   0.13625E-12   0.15106E+13
    156   0.26250E+01   0.26547E+01  -0.29732E-01   0.13625E-12   0.15106E+13
    157   0.27500E+01   0.26790E+01   0.71006E-01   0.13625E-12   0.15106E+13
    158   0.27500E+01   0.27345E+01   0.15531E-01   0.13625E-12   0.15106E+13
    159   0.26875E+01   0.27963E+01  -0.10878E+00   0.13625E-12   0.15106E+13
    160   0.26250E+01   0.27839E+01  -0.15890E+00   0.13625E-12   0.15106E+13
    161   0.25000E+01   0.26801E+01  -0.18008E+00   0.13625E-12   0.15106E+13
    162   0.25000E+01   0.24531E+01   0.46887E-01   0.13625E-12   0.15106E+13
    163   0.24375E+01   0.24221E+01   0.15376E-01   0.13625E-12   0.15106E+13
    164   0.23125E+01   0.23552E+01  -0.42652E-01   0.13625E-12   0.15106E+13
    165   0.23750E+01   0.22459E+01   0.12910E+00   0.13625E-12   0.15106E+13
    166   0.25000E+01   0.23317E+01   0.16826E+00   0.13625E-12   0.15106E+13
    167   0.23125E+01   0.24655E+01  -0.15301E+00   0.13625E-12   0.15106E+13
    168   0.23750E+01   0.23374E+01   0.37554E-01   0.13625E-12   0.15106E+13
    169   0.22500E+01   0.24494E+01  -0.19945E+00   0.13625E-12   0.15106E+13
    170   0.21250E+01   0.22228E+01  -0.97755E-01   0.13625E-12   0.15106E+13
    171   0.21875E+01   0.20450E+01   0.14251E+00   0.13625E-12   0.15106E+13
    172   0.23750E+01   0.21323E+01   0.24270E+00   0.13625E-12   0.15106E+13
    173   0.23750E+01   0.23204E+01   0.54579E-01   0.13625E-12   0.15106E+13
    174   0.25000E+01   0.24478E+01   0.52200E-01   0.13625E-12   0.15106E+13
    175   0.24375E+01   0.26848E+01  -0.24733E+00   0.13625E-12   0.15106E+13
    176   0.23125E+01   0.25809E+01  -0.26839E+00   0.13625E-12   0.15106E+13
    177   0.22500E+01   0.23749E+01  -0.12486E+00   0.13625E-12   0.15106E+13
    178   0.21250E+01   0.22426E+01  -0.11760E+00   0.13625E-12   0.15106E+13
    179   0.21875E+01   0.20093E+01   0.17817E+00   0.13625E-12   0.15106E+13
    180   0.21250E+01   0.20874E+01   0.37611E-01   0.13625E-12   0.15106E+13
    181   0.21875E+01   0.20601E+01   0.12739E+00   0.13625E-12   0.15106E+13
    182   0.22500E+01   0.21827E+01   0.67306E-01   0.13625E-12   0.15106E+13
    183   0.21250E+01   0.22958E+01  -0.17077E+00   0.13625E-12   0.15106E+13
    184   0.21250E+01   0.21628E+01  -0.37805E-01   0.13625E-12   0.15106E+13
    185   0.19375E+01   0.21718E+01  -0.23429E+00   0.13625E-12   0.15106E+13
    186   0.20000E+01   0.18867E+01   0.11328E+00   0.13625E-12   0.15106E+13
    187   0.21250E+01   0.19138E+01   0.21117E+00   0.13625E-12   0.15106E+13
    188   0.20000E+01   0.20764E+01  -0.76419E-01   0.13625E-12   0.15106E+13
    189   0.20000E+01   0.20027E+01  -0.27109E-02   0.13625E-12   0.15106E+13
    190   0.20000E+01   0.20825E+01  -0.82485E-01   0.13625E-12   0.15106E+13
    191   0.18750E+01   0.20034E+01  -0.12838E+00   0.13625E-12   0.15106E+13
    192   0.18750E+01   0.18244E+01   0.50584E-01   0.13625E-12   0.15106E+13
    193   0.17500E+01   0.18544E+01  -0.10444E+00   0.13625E-12   0.15106E+13
    194   0.20000E+01   0.16784E+01   0.32159E+00   0.13625E-12   0.15106E+13
    195   0.21250E+01   0.19610E+01   0.16403E+00   0.13625E-12   0.15106E+13
    196   0.20625E+01   0.21767E+01  -0.11417E+00   0.13625E-12   0.15106E+13
    197   0.20625E+01   0.22134E+01  -0.15088E+00   0.13625E-12   0.15106E+13
    198   0.22500E+01   0.22488E+01   0.12110E-02   0.13625E-12   0.15106E+13
    199   0.21875E+01   0.23195E+01  -0.13198E+00   0.13625E-12   0.15106E+13
    200   0.20625E+01   0.22397E+01  -0.17717E+00   0.13625E-12   0.15106E+13
    201   0.21875E+01   0.21591E+01   0.28374E-01   0.13625E-12   0.15106E+13
    202   0.21250E+01   0.22328E+01  -0.10783E+00   0.13625E-12   0.15106E+13
    203   0.21875E+01   0.20811E+01   0.10636E+00   0.13625E-12   0.15106E+13
    204   0.21250E+01   0.22198E+01  -0.94827E-01   0.13625E-12   0.15106E+13
    205   0.23125E+01   0.21793E+01   0.13321E+00   0.13625E-12   0.15106E+13
    206   0.23125E+01   0.23539E+01  -0.41376E-01   0.13625E-12   0.15106E+13
    207   0.22500E+01   0.23924E+01  -0.14236E+00   0.13625E-12   0.15106E+13
    208   0.25000E+01   0.23512E+01   0.14883E+00   0.13625E-12   0.15106E+13
    209   0.26250E+01   0.26245E+01   0.50947E-03   0.13625E-12   0.15106E+13
    210   0.29375E+01   0.27195E+01   0.21796E+00   0.13625E-12   0.15106E+13
    211   0.30625E+01   0.31780E+01  -0.11546E+00   0.13625E-12   0.15106E+13
    212   0.29375E+01   0.34039E+01  -0.46639E+00   0.13625E-12   0.15106E+13
    213   0.29375E+01   0.32362E+01  -0.29875E+00   0.13625E-12   0.15106E+13
    214   0.30000E+01   0.31401E+01  -0.14014E+00   0.13625E-12   0.15106E+13
    215   0.30625E+01   0.30236E+01   0.38948E-01   0.13625E-12   0.15106E+13
    216   0.31250E+01   0.30727E+01   0.52323E-01   0.13625E-12   0.15106E+13
    217   0.31875E+01   0.32277E+01  -0.40226E-01   0.13625E-12   0.15106E+13
    218   0.32500E+01   0.33183E+01  -0.68292E-01   0.13625E-12   0.15106E+13
    219   0.33750E+01   0.33815E+01  -0.65092E-02   0.13625E-12   0.15106E+13
    220   0.35000E+01   0.35166E+01  -0.16643E-01   0.13625E-12   0.15106E+13
    221   0.34375E+01   0.36641E+01  -0.22662E+00   0.13625E-12   0.15106E+13
    222   0.33750E+01   0.36119E+01  -0.23693E+00   0.13625E-12   0.15106E+13
    223   0.33750E+01   0.35129E+01  -0.13795E+00   0.13625E-12   0.15106E+13
    224   0.32500E+01   0.34103E+01  -0.16025E+00   0.13625E-12   0.15106E+13
